<?xml version="1.0" encoding="UTF-8"?>
<!-- Generated by org.testng.reporters.JUnitXMLReporter -->
<testsuite hostname="E7450" ignored="0" name="Default test" tests="2" failures="0" timestamp="30 Jul 2018 20:27:48 GMT" time="53.57" errors="0">
  <testcase name="communityPageDisplayTest" time="9.221" classname="com.online5.tests.community.CommunityTests"/>
  <testcase name="randomMainTopicTest" time="17.271" classname="com.online5.tests.community.CommunityTests"/>
</testsuite> <!-- Default test -->
