<?xml version="1.0" encoding="UTF-8"?>
<!-- Generated by org.testng.reporters.JUnitXMLReporter -->
<testsuite hostname="DESKTOP-B3C55MD" ignored="0" name="Default test" tests="4" failures="0" timestamp="01 Aug 2018 02:59:11 GMT" time="75.752" errors="0">
  <testcase name="ExerciseCaloriesBurnBox" time="8.479" classname="com.online5.tests.exercise.ExerciseTests"/>
  <testcase name="ExercisePageVerify" time="3.01" classname="com.online5.tests.exercise.ExerciseTests"/>
  <testcase name="ExerciseSearchBoxNegative" time="5.319" classname="com.online5.tests.exercise.ExerciseTests"/>
  <testcase name="ExerciseSearchBoxTest" time="5.115" classname="com.online5.tests.exercise.ExerciseTests"/>
</testsuite> <!-- Default test -->
