<?xml version="1.0" encoding="UTF-8"?>
<!-- Generated by org.testng.reporters.JUnitXMLReporter -->
<testsuite hostname="ussr-Latitude-E5440" ignored="6" name="Project Online 5- SMOKE Tests" tests="2" failures="0" timestamp="04 Aug 2018 00:41:36 GMT" time="44.633" errors="0">
  <testcase name="login" time="7.27" classname="com.online5.tests.login.LoginTests"/>
  <testcase name="foodSearchTestPositive" time="6.063" classname="com.online5.tests.food.FoodTests"/>
  <testcase name="@BeforeTest setUpTest" time="0.0" classname="com.online5.tests.TestBase">
    <ignored/>
  </testcase> <!-- @BeforeTest setUpTest -->
  <testcase name="@AfterTest tearDownTest" time="0.0" classname="com.online5.tests.TestBase">
    <ignored/>
  </testcase> <!-- @AfterTest tearDownTest -->
  <testcase name="foodSearchTestNegative" time="0.0" classname="com.online5.tests.food.FoodTests">
    <ignored/>
  </testcase> <!-- foodSearchTestNegative -->
  <testcase name="loginNegative" time="0.0" classname="com.online5.tests.login.LoginTests">
    <ignored/>
  </testcase> <!-- loginNegative -->
  <testcase name="nutritionTablePositve" time="0.0" classname="com.online5.tests.food.FoodTests">
    <ignored/>
  </testcase> <!-- nutritionTablePositve -->
  <testcase name="nutritionTableNegative" time="0.0" classname="com.online5.tests.food.FoodTests">
    <ignored/>
  </testcase> <!-- nutritionTableNegative -->
</testsuite> <!-- Project Online 5- SMOKE Tests -->
