<?xml version="1.0" encoding="UTF-8"?>
<!-- Generated by org.testng.reporters.JUnitXMLReporter -->
<testsuite hostname="ussr-Latitude-E5440" ignored="0" name="Apps Page Test" tests="3" failures="0" timestamp="31 Jul 2018 08:15:39 GMT" time="70.124" errors="0">
  <testcase name="SPA_1072_searchAnAppName" time="9.585" classname="com.online5.tests.apps.AppTests"/>
  <testcase name="SPA_1073_searchAnAppNameNegative" time="21.09" classname="com.online5.tests.apps.AppTests"/>
  <testcase name="SPA_1086_selectAnApp" time="7.703" classname="com.online5.tests.apps.AppTests"/>
</testsuite> <!-- Apps Page Test -->
