<?xml version="1.0" encoding="UTF-8"?>
<!-- Generated by org.testng.reporters.JUnitXMLReporter -->
<testsuite hostname="ussr-Latitude-E5440" ignored="10" name="Apps Page Test" tests="17" failures="0" timestamp="01 Aug 2018 22:16:41 GMT" time="333.47" errors="0">
  <testcase name="foodSearchTestNegative" time="10.736" classname="com.online5.tests.food.FoodTests"/>
  <testcase name="foodSearchTestPositive" time="5.412" classname="com.online5.tests.food.FoodTests"/>
  <testcase name="nutritionTableNegative" time="10.549" classname="com.online5.tests.food.FoodTests"/>
  <testcase name="nutritionTablePositve" time="12.177" classname="com.online5.tests.food.FoodTests"/>
  <testcase name="SPA_1072_searchAnAppName" time="4.989" classname="com.online5.tests.apps.AppTests"/>
  <testcase name="SPA_1073_searchAnAppNameNegative" time="6.198" classname="com.online5.tests.apps.AppTests"/>
  <testcase name="SPA_1086_selectAnApp" time="6.427" classname="com.online5.tests.apps.AppTests"/>
  <testcase name="login" time="8.522" classname="com.online5.tests.login.LoginTests"/>
  <testcase name="loginNegative" time="5.558" classname="com.online5.tests.login.LoginTests"/>
  <testcase name="communityPageDisplayTest" time="8.817" classname="com.online5.tests.community.CommunityTests"/>
  <testcase name="randomDiscussionOpenTest" time="8.946" classname="com.online5.tests.community.CommunityTests"/>
  <testcase name="randomDiscussionSearchTest" time="18.508" classname="com.online5.tests.community.CommunityTests"/>
  <testcase name="randomTopicDisplayTest" time="11.327" classname="com.online5.tests.community.CommunityTests"/>
  <testcase name="ExerciseCaloriesBurnBox" time="8.658" classname="com.online5.tests.exercise.ExerciseTests"/>
  <testcase name="ExercisePageVerify" time="3.011" classname="com.online5.tests.exercise.ExerciseTests"/>
  <testcase name="ExerciseSearchBoxNegative" time="7.254" classname="com.online5.tests.exercise.ExerciseTests"/>
  <testcase name="ExerciseSearchBoxTest" time="6.918" classname="com.online5.tests.exercise.ExerciseTests"/>
  <testcase name="@BeforeTest setUpTest" time="0.0" classname="com.online5.tests.TestBase">
    <ignored/>
  </testcase> <!-- @BeforeTest setUpTest -->
  <testcase name="@BeforeTest setUpTest" time="0.0" classname="com.online5.tests.TestBase">
    <ignored/>
  </testcase> <!-- @BeforeTest setUpTest -->
  <testcase name="@BeforeTest setUpTest" time="0.0" classname="com.online5.tests.TestBase">
    <ignored/>
  </testcase> <!-- @BeforeTest setUpTest -->
  <testcase name="@BeforeTest setUpTest" time="0.0" classname="com.online5.tests.TestBase">
    <ignored/>
  </testcase> <!-- @BeforeTest setUpTest -->
  <testcase name="@BeforeTest setUpTest" time="0.0" classname="com.online5.tests.TestBase">
    <ignored/>
  </testcase> <!-- @BeforeTest setUpTest -->
  <testcase name="@AfterTest tearDownTest" time="0.0" classname="com.online5.tests.TestBase">
    <ignored/>
  </testcase> <!-- @AfterTest tearDownTest -->
  <testcase name="@AfterTest tearDownTest" time="0.0" classname="com.online5.tests.TestBase">
    <ignored/>
  </testcase> <!-- @AfterTest tearDownTest -->
  <testcase name="@AfterTest tearDownTest" time="0.0" classname="com.online5.tests.TestBase">
    <ignored/>
  </testcase> <!-- @AfterTest tearDownTest -->
  <testcase name="@AfterTest tearDownTest" time="0.0" classname="com.online5.tests.TestBase">
    <ignored/>
  </testcase> <!-- @AfterTest tearDownTest -->
  <testcase name="@AfterTest tearDownTest" time="0.0" classname="com.online5.tests.TestBase">
    <ignored/>
  </testcase> <!-- @AfterTest tearDownTest -->
</testsuite> <!-- Apps Page Test -->
