<?xml version="1.0" encoding="UTF-8"?>
<!-- Generated by org.testng.reporters.JUnitXMLReporter -->
<testsuite hostname="E7450" ignored="0" name="Automated tests" tests="4" failures="0" timestamp="31 Jul 2018 01:56:22 GMT" time="122.041" errors="0">
  <testcase name="communityPageDisplayTest" time="5.997" classname="com.online5.tests.community.CommunityTests"/>
  <testcase name="randomDiscussionOpenTest" time="56.276" classname="com.online5.tests.community.CommunityTests"/>
  <testcase name="randomDiscussionSearchTest" time="10.754" classname="com.online5.tests.community.CommunityTests"/>
  <testcase name="randomTopicDisplayTest" time="7.896" classname="com.online5.tests.community.CommunityTests"/>
</testsuite> <!-- Automated tests -->
