<?xml version="1.0" encoding="UTF-8"?>
<testng-results skipped="4" failed="0" ignored="0" total="4" passed="0">
  <reporter-output>
  </reporter-output>
  <suite name="Default suite" duration-ms="35085" started-at="2018-07-31T21:40:54Z" finished-at="2018-07-31T21:41:29Z">
    <groups>
    </groups>
    <test name="Default test" duration-ms="35085" started-at="2018-07-31T21:40:54Z" finished-at="2018-07-31T21:41:29Z">
      <class name="com.online5.tests.exercise.ExerciseTests">
        <test-method status="PASS" signature="setUpTest()[pri:0, instance:com.online5.tests.exercise.ExerciseTests@57baeedf]" name="setUpTest" is-config="true" duration-ms="140" started-at="2018-07-31T21:40:54Z" finished-at="2018-07-31T21:40:55Z">
          <reporter-output>
          </reporter-output>
        </test-method> <!-- setUpTest -->
        <test-method status="PASS" signature="setUp()[pri:0, instance:com.online5.tests.exercise.ExerciseTests@57baeedf]" name="setUp" is-config="true" duration-ms="8505" started-at="2018-07-31T21:40:55Z" finished-at="2018-07-31T21:41:03Z">
          <reporter-output>
          </reporter-output>
        </test-method> <!-- setUp -->
        <test-method status="FAIL" signature="navigateToExercisePage()[pri:0, instance:com.online5.tests.exercise.ExerciseTests@57baeedf]" name="navigateToExercisePage" is-config="true" duration-ms="2" started-at="2018-07-31T21:41:03Z" finished-at="2018-07-31T21:41:03Z">
          <exception class="java.lang.NullPointerException">
            <full-stacktrace>
              <![CDATA[java.lang.NullPointerException
at com.online5.tests.exercise.ExerciseTests.navigateToExercisePage(ExerciseTests.java:21)
at sun.reflect.NativeMethodAccessorImpl.invoke0(Native Method)
at sun.reflect.NativeMethodAccessorImpl.invoke(Unknown Source)
at sun.reflect.DelegatingMethodAccessorImpl.invoke(Unknown Source)
at java.lang.reflect.Method.invoke(Unknown Source)
at org.testng.internal.MethodInvocationHelper.invokeMethod(MethodInvocationHelper.java:124)
at org.testng.internal.MethodInvocationHelper.invokeMethodConsideringTimeout(MethodInvocationHelper.java:59)
at org.testng.internal.Invoker.invokeConfigurationMethod(Invoker.java:458)
at org.testng.internal.Invoker.invokeConfigurations(Invoker.java:222)
at org.testng.internal.Invoker.invokeMethod(Invoker.java:523)
at org.testng.internal.Invoker.invokeTestMethod(Invoker.java:719)
at org.testng.internal.Invoker.invokeTestMethods(Invoker.java:989)
at org.testng.internal.TestMethodWorker.invokeTestMethods(TestMethodWorker.java:125)
at org.testng.internal.TestMethodWorker.run(TestMethodWorker.java:109)
at org.testng.TestRunner.privateRun(TestRunner.java:648)
at org.testng.TestRunner.run(TestRunner.java:505)
at org.testng.SuiteRunner.runTest(SuiteRunner.java:455)
at org.testng.SuiteRunner.runSequentially(SuiteRunner.java:450)
at org.testng.SuiteRunner.privateRun(SuiteRunner.java:415)
at org.testng.SuiteRunner.run(SuiteRunner.java:364)
at org.testng.SuiteRunnerWorker.runSuite(SuiteRunnerWorker.java:52)
at org.testng.SuiteRunnerWorker.run(SuiteRunnerWorker.java:84)
at org.testng.TestNG.runSuitesSequentially(TestNG.java:1208)
at org.testng.TestNG.runSuitesLocally(TestNG.java:1137)
at org.testng.TestNG.runSuites(TestNG.java:1049)
at org.testng.TestNG.run(TestNG.java:1017)
at org.testng.remote.AbstractRemoteTestNG.run(AbstractRemoteTestNG.java:114)
at org.testng.remote.RemoteTestNG.initAndRun(RemoteTestNG.java:251)
at org.testng.remote.RemoteTestNG.main(RemoteTestNG.java:77)
]]>
            </full-stacktrace>
          </exception> <!-- java.lang.NullPointerException -->
          <reporter-output>
          </reporter-output>
        </test-method> <!-- navigateToExercisePage -->
        <test-method status="SKIP" signature="ExerciseCaloriesBurnBox()[pri:0, instance:com.online5.tests.exercise.ExerciseTests@57baeedf]" name="ExerciseCaloriesBurnBox" duration-ms="0" started-at="2018-07-31T21:41:03Z" finished-at="2018-07-31T21:41:03Z">
          <exception class="java.lang.NullPointerException">
            <full-stacktrace>
              <![CDATA[java.lang.NullPointerException
at com.online5.tests.exercise.ExerciseTests.navigateToExercisePage(ExerciseTests.java:21)
at sun.reflect.NativeMethodAccessorImpl.invoke0(Native Method)
at sun.reflect.NativeMethodAccessorImpl.invoke(Unknown Source)
at sun.reflect.DelegatingMethodAccessorImpl.invoke(Unknown Source)
at java.lang.reflect.Method.invoke(Unknown Source)
at org.testng.internal.MethodInvocationHelper.invokeMethod(MethodInvocationHelper.java:124)
at org.testng.internal.MethodInvocationHelper.invokeMethodConsideringTimeout(MethodInvocationHelper.java:59)
at org.testng.internal.Invoker.invokeConfigurationMethod(Invoker.java:458)
at org.testng.internal.Invoker.invokeConfigurations(Invoker.java:222)
at org.testng.internal.Invoker.invokeMethod(Invoker.java:523)
at org.testng.internal.Invoker.invokeTestMethod(Invoker.java:719)
at org.testng.internal.Invoker.invokeTestMethods(Invoker.java:989)
at org.testng.internal.TestMethodWorker.invokeTestMethods(TestMethodWorker.java:125)
at org.testng.internal.TestMethodWorker.run(TestMethodWorker.java:109)
at org.testng.TestRunner.privateRun(TestRunner.java:648)
at org.testng.TestRunner.run(TestRunner.java:505)
at org.testng.SuiteRunner.runTest(SuiteRunner.java:455)
at org.testng.SuiteRunner.runSequentially(SuiteRunner.java:450)
at org.testng.SuiteRunner.privateRun(SuiteRunner.java:415)
at org.testng.SuiteRunner.run(SuiteRunner.java:364)
at org.testng.SuiteRunnerWorker.runSuite(SuiteRunnerWorker.java:52)
at org.testng.SuiteRunnerWorker.run(SuiteRunnerWorker.java:84)
at org.testng.TestNG.runSuitesSequentially(TestNG.java:1208)
at org.testng.TestNG.runSuitesLocally(TestNG.java:1137)
at org.testng.TestNG.runSuites(TestNG.java:1049)
at org.testng.TestNG.run(TestNG.java:1017)
at org.testng.remote.AbstractRemoteTestNG.run(AbstractRemoteTestNG.java:114)
at org.testng.remote.RemoteTestNG.initAndRun(RemoteTestNG.java:251)
at org.testng.remote.RemoteTestNG.main(RemoteTestNG.java:77)
]]>
            </full-stacktrace>
          </exception> <!-- java.lang.NullPointerException -->
          <reporter-output>
          </reporter-output>
        </test-method> <!-- ExerciseCaloriesBurnBox -->
        <test-method status="SKIP" signature="tearDown()[pri:0, instance:com.online5.tests.exercise.ExerciseTests@57baeedf]" name="tearDown" is-config="true" duration-ms="0" started-at="2018-07-31T21:41:03Z" finished-at="2018-07-31T21:41:03Z">
          <reporter-output>
          </reporter-output>
        </test-method> <!-- tearDown -->
        <test-method status="PASS" signature="tearDown(org.testng.ITestResult)[pri:0, instance:com.online5.tests.exercise.ExerciseTests@57baeedf]" name="tearDown" is-config="true" duration-ms="730" started-at="2018-07-31T21:41:03Z" finished-at="2018-07-31T21:41:04Z">
          <params>
            <param index="0">
              <value>
                <![CDATA[[TestResult name={null} status=CREATED method=ExerciseTests.ExerciseCaloriesBurnBox()[pri:0, instance:com.online5.tests.exercise.ExerciseTests@57baeedf] output={null}]]]>
              </value>
            </param>
          </params>
          <reporter-output>
          </reporter-output>
        </test-method> <!-- tearDown -->
        <test-method status="PASS" signature="setUp()[pri:0, instance:com.online5.tests.exercise.ExerciseTests@57baeedf]" name="setUp" is-config="true" duration-ms="8203" started-at="2018-07-31T21:41:04Z" finished-at="2018-07-31T21:41:12Z">
          <reporter-output>
          </reporter-output>
        </test-method> <!-- setUp -->
        <test-method status="SKIP" signature="navigateToExercisePage()[pri:0, instance:com.online5.tests.exercise.ExerciseTests@57baeedf]" name="navigateToExercisePage" is-config="true" duration-ms="0" started-at="2018-07-31T21:41:12Z" finished-at="2018-07-31T21:41:12Z">
          <reporter-output>
          </reporter-output>
        </test-method> <!-- navigateToExercisePage -->
        <test-method status="SKIP" signature="ExercisePageVerify()[pri:0, instance:com.online5.tests.exercise.ExerciseTests@57baeedf]" name="ExercisePageVerify" duration-ms="0" started-at="2018-07-31T21:41:12Z" finished-at="2018-07-31T21:41:12Z">
          <exception class="java.lang.NullPointerException">
            <full-stacktrace>
              <![CDATA[java.lang.NullPointerException
at com.online5.tests.exercise.ExerciseTests.navigateToExercisePage(ExerciseTests.java:21)
at sun.reflect.NativeMethodAccessorImpl.invoke0(Native Method)
at sun.reflect.NativeMethodAccessorImpl.invoke(Unknown Source)
at sun.reflect.DelegatingMethodAccessorImpl.invoke(Unknown Source)
at java.lang.reflect.Method.invoke(Unknown Source)
at org.testng.internal.MethodInvocationHelper.invokeMethod(MethodInvocationHelper.java:124)
at org.testng.internal.MethodInvocationHelper.invokeMethodConsideringTimeout(MethodInvocationHelper.java:59)
at org.testng.internal.Invoker.invokeConfigurationMethod(Invoker.java:458)
at org.testng.internal.Invoker.invokeConfigurations(Invoker.java:222)
at org.testng.internal.Invoker.invokeMethod(Invoker.java:523)
at org.testng.internal.Invoker.invokeTestMethod(Invoker.java:719)
at org.testng.internal.Invoker.invokeTestMethods(Invoker.java:989)
at org.testng.internal.TestMethodWorker.invokeTestMethods(TestMethodWorker.java:125)
at org.testng.internal.TestMethodWorker.run(TestMethodWorker.java:109)
at org.testng.TestRunner.privateRun(TestRunner.java:648)
at org.testng.TestRunner.run(TestRunner.java:505)
at org.testng.SuiteRunner.runTest(SuiteRunner.java:455)
at org.testng.SuiteRunner.runSequentially(SuiteRunner.java:450)
at org.testng.SuiteRunner.privateRun(SuiteRunner.java:415)
at org.testng.SuiteRunner.run(SuiteRunner.java:364)
at org.testng.SuiteRunnerWorker.runSuite(SuiteRunnerWorker.java:52)
at org.testng.SuiteRunnerWorker.run(SuiteRunnerWorker.java:84)
at org.testng.TestNG.runSuitesSequentially(TestNG.java:1208)
at org.testng.TestNG.runSuitesLocally(TestNG.java:1137)
at org.testng.TestNG.runSuites(TestNG.java:1049)
at org.testng.TestNG.run(TestNG.java:1017)
at org.testng.remote.AbstractRemoteTestNG.run(AbstractRemoteTestNG.java:114)
at org.testng.remote.RemoteTestNG.initAndRun(RemoteTestNG.java:251)
at org.testng.remote.RemoteTestNG.main(RemoteTestNG.java:77)
]]>
            </full-stacktrace>
          </exception> <!-- java.lang.NullPointerException -->
          <reporter-output>
          </reporter-output>
        </test-method> <!-- ExercisePageVerify -->
        <test-method status="SKIP" signature="tearDown()[pri:0, instance:com.online5.tests.exercise.ExerciseTests@57baeedf]" name="tearDown" is-config="true" duration-ms="0" started-at="2018-07-31T21:41:12Z" finished-at="2018-07-31T21:41:12Z">
          <reporter-output>
          </reporter-output>
        </test-method> <!-- tearDown -->
        <test-method status="PASS" signature="tearDown(org.testng.ITestResult)[pri:0, instance:com.online5.tests.exercise.ExerciseTests@57baeedf]" name="tearDown" is-config="true" duration-ms="732" started-at="2018-07-31T21:41:12Z" finished-at="2018-07-31T21:41:13Z">
          <params>
            <param index="0">
              <value>
                <![CDATA[[TestResult name={null} status=CREATED method=ExerciseTests.ExercisePageVerify()[pri:0, instance:com.online5.tests.exercise.ExerciseTests@57baeedf] output={null}]]]>
              </value>
            </param>
          </params>
          <reporter-output>
          </reporter-output>
        </test-method> <!-- tearDown -->
        <test-method status="PASS" signature="setUp()[pri:0, instance:com.online5.tests.exercise.ExerciseTests@57baeedf]" name="setUp" is-config="true" duration-ms="7643" started-at="2018-07-31T21:41:13Z" finished-at="2018-07-31T21:41:20Z">
          <reporter-output>
          </reporter-output>
        </test-method> <!-- setUp -->
        <test-method status="SKIP" signature="navigateToExercisePage()[pri:0, instance:com.online5.tests.exercise.ExerciseTests@57baeedf]" name="navigateToExercisePage" is-config="true" duration-ms="0" started-at="2018-07-31T21:41:20Z" finished-at="2018-07-31T21:41:20Z">
          <reporter-output>
          </reporter-output>
        </test-method> <!-- navigateToExercisePage -->
        <test-method status="SKIP" signature="ExerciseSearchBoxNegative()[pri:0, instance:com.online5.tests.exercise.ExerciseTests@57baeedf]" name="ExerciseSearchBoxNegative" duration-ms="0" started-at="2018-07-31T21:41:20Z" finished-at="2018-07-31T21:41:20Z">
          <exception class="java.lang.NullPointerException">
            <full-stacktrace>
              <![CDATA[java.lang.NullPointerException
at com.online5.tests.exercise.ExerciseTests.navigateToExercisePage(ExerciseTests.java:21)
at sun.reflect.NativeMethodAccessorImpl.invoke0(Native Method)
at sun.reflect.NativeMethodAccessorImpl.invoke(Unknown Source)
at sun.reflect.DelegatingMethodAccessorImpl.invoke(Unknown Source)
at java.lang.reflect.Method.invoke(Unknown Source)
at org.testng.internal.MethodInvocationHelper.invokeMethod(MethodInvocationHelper.java:124)
at org.testng.internal.MethodInvocationHelper.invokeMethodConsideringTimeout(MethodInvocationHelper.java:59)
at org.testng.internal.Invoker.invokeConfigurationMethod(Invoker.java:458)
at org.testng.internal.Invoker.invokeConfigurations(Invoker.java:222)
at org.testng.internal.Invoker.invokeMethod(Invoker.java:523)
at org.testng.internal.Invoker.invokeTestMethod(Invoker.java:719)
at org.testng.internal.Invoker.invokeTestMethods(Invoker.java:989)
at org.testng.internal.TestMethodWorker.invokeTestMethods(TestMethodWorker.java:125)
at org.testng.internal.TestMethodWorker.run(TestMethodWorker.java:109)
at org.testng.TestRunner.privateRun(TestRunner.java:648)
at org.testng.TestRunner.run(TestRunner.java:505)
at org.testng.SuiteRunner.runTest(SuiteRunner.java:455)
at org.testng.SuiteRunner.runSequentially(SuiteRunner.java:450)
at org.testng.SuiteRunner.privateRun(SuiteRunner.java:415)
at org.testng.SuiteRunner.run(SuiteRunner.java:364)
at org.testng.SuiteRunnerWorker.runSuite(SuiteRunnerWorker.java:52)
at org.testng.SuiteRunnerWorker.run(SuiteRunnerWorker.java:84)
at org.testng.TestNG.runSuitesSequentially(TestNG.java:1208)
at org.testng.TestNG.runSuitesLocally(TestNG.java:1137)
at org.testng.TestNG.runSuites(TestNG.java:1049)
at org.testng.TestNG.run(TestNG.java:1017)
at org.testng.remote.AbstractRemoteTestNG.run(AbstractRemoteTestNG.java:114)
at org.testng.remote.RemoteTestNG.initAndRun(RemoteTestNG.java:251)
at org.testng.remote.RemoteTestNG.main(RemoteTestNG.java:77)
]]>
            </full-stacktrace>
          </exception> <!-- java.lang.NullPointerException -->
          <reporter-output>
          </reporter-output>
        </test-method> <!-- ExerciseSearchBoxNegative -->
        <test-method status="SKIP" signature="tearDown()[pri:0, instance:com.online5.tests.exercise.ExerciseTests@57baeedf]" name="tearDown" is-config="true" duration-ms="0" started-at="2018-07-31T21:41:20Z" finished-at="2018-07-31T21:41:20Z">
          <reporter-output>
          </reporter-output>
        </test-method> <!-- tearDown -->
        <test-method status="PASS" signature="tearDown(org.testng.ITestResult)[pri:0, instance:com.online5.tests.exercise.ExerciseTests@57baeedf]" name="tearDown" is-config="true" duration-ms="712" started-at="2018-07-31T21:41:20Z" finished-at="2018-07-31T21:41:21Z">
          <params>
            <param index="0">
              <value>
                <![CDATA[[TestResult name={null} status=CREATED method=ExerciseTests.ExerciseSearchBoxNegative()[pri:0, instance:com.online5.tests.exercise.ExerciseTests@57baeedf] output={null}]]]>
              </value>
            </param>
          </params>
          <reporter-output>
          </reporter-output>
        </test-method> <!-- tearDown -->
        <test-method status="PASS" signature="setUp()[pri:0, instance:com.online5.tests.exercise.ExerciseTests@57baeedf]" name="setUp" is-config="true" duration-ms="7666" started-at="2018-07-31T21:41:21Z" finished-at="2018-07-31T21:41:29Z">
          <reporter-output>
          </reporter-output>
        </test-method> <!-- setUp -->
        <test-method status="SKIP" signature="navigateToExercisePage()[pri:0, instance:com.online5.tests.exercise.ExerciseTests@57baeedf]" name="navigateToExercisePage" is-config="true" duration-ms="0" started-at="2018-07-31T21:41:29Z" finished-at="2018-07-31T21:41:29Z">
          <reporter-output>
          </reporter-output>
        </test-method> <!-- navigateToExercisePage -->
        <test-method status="SKIP" signature="ExerciseSearchBoxTest()[pri:0, instance:com.online5.tests.exercise.ExerciseTests@57baeedf]" name="ExerciseSearchBoxTest" duration-ms="0" started-at="2018-07-31T21:41:29Z" finished-at="2018-07-31T21:41:29Z">
          <exception class="java.lang.NullPointerException">
            <full-stacktrace>
              <![CDATA[java.lang.NullPointerException
at com.online5.tests.exercise.ExerciseTests.navigateToExercisePage(ExerciseTests.java:21)
at sun.reflect.NativeMethodAccessorImpl.invoke0(Native Method)
at sun.reflect.NativeMethodAccessorImpl.invoke(Unknown Source)
at sun.reflect.DelegatingMethodAccessorImpl.invoke(Unknown Source)
at java.lang.reflect.Method.invoke(Unknown Source)
at org.testng.internal.MethodInvocationHelper.invokeMethod(MethodInvocationHelper.java:124)
at org.testng.internal.MethodInvocationHelper.invokeMethodConsideringTimeout(MethodInvocationHelper.java:59)
at org.testng.internal.Invoker.invokeConfigurationMethod(Invoker.java:458)
at org.testng.internal.Invoker.invokeConfigurations(Invoker.java:222)
at org.testng.internal.Invoker.invokeMethod(Invoker.java:523)
at org.testng.internal.Invoker.invokeTestMethod(Invoker.java:719)
at org.testng.internal.Invoker.invokeTestMethods(Invoker.java:989)
at org.testng.internal.TestMethodWorker.invokeTestMethods(TestMethodWorker.java:125)
at org.testng.internal.TestMethodWorker.run(TestMethodWorker.java:109)
at org.testng.TestRunner.privateRun(TestRunner.java:648)
at org.testng.TestRunner.run(TestRunner.java:505)
at org.testng.SuiteRunner.runTest(SuiteRunner.java:455)
at org.testng.SuiteRunner.runSequentially(SuiteRunner.java:450)
at org.testng.SuiteRunner.privateRun(SuiteRunner.java:415)
at org.testng.SuiteRunner.run(SuiteRunner.java:364)
at org.testng.SuiteRunnerWorker.runSuite(SuiteRunnerWorker.java:52)
at org.testng.SuiteRunnerWorker.run(SuiteRunnerWorker.java:84)
at org.testng.TestNG.runSuitesSequentially(TestNG.java:1208)
at org.testng.TestNG.runSuitesLocally(TestNG.java:1137)
at org.testng.TestNG.runSuites(TestNG.java:1049)
at org.testng.TestNG.run(TestNG.java:1017)
at org.testng.remote.AbstractRemoteTestNG.run(AbstractRemoteTestNG.java:114)
at org.testng.remote.RemoteTestNG.initAndRun(RemoteTestNG.java:251)
at org.testng.remote.RemoteTestNG.main(RemoteTestNG.java:77)
]]>
            </full-stacktrace>
          </exception> <!-- java.lang.NullPointerException -->
          <reporter-output>
          </reporter-output>
        </test-method> <!-- ExerciseSearchBoxTest -->
        <test-method status="SKIP" signature="tearDown()[pri:0, instance:com.online5.tests.exercise.ExerciseTests@57baeedf]" name="tearDown" is-config="true" duration-ms="0" started-at="2018-07-31T21:41:29Z" finished-at="2018-07-31T21:41:29Z">
          <reporter-output>
          </reporter-output>
        </test-method> <!-- tearDown -->
        <test-method status="PASS" signature="tearDown(org.testng.ITestResult)[pri:0, instance:com.online5.tests.exercise.ExerciseTests@57baeedf]" name="tearDown" is-config="true" duration-ms="712" started-at="2018-07-31T21:41:29Z" finished-at="2018-07-31T21:41:29Z">
          <params>
            <param index="0">
              <value>
                <![CDATA[[TestResult name={null} status=CREATED method=ExerciseTests.ExerciseSearchBoxTest()[pri:0, instance:com.online5.tests.exercise.ExerciseTests@57baeedf] output={null}]]]>
              </value>
            </param>
          </params>
          <reporter-output>
          </reporter-output>
        </test-method> <!-- tearDown -->
        <test-method status="SKIP" signature="tearDownTest()[pri:0, instance:com.online5.tests.exercise.ExerciseTests@57baeedf]" name="tearDownTest" is-config="true" duration-ms="0" started-at="2018-07-31T21:41:29Z" finished-at="2018-07-31T21:41:29Z">
          <reporter-output>
          </reporter-output>
        </test-method> <!-- tearDownTest -->
      </class> <!-- com.online5.tests.exercise.ExerciseTests -->
    </test> <!-- Default test -->
  </suite> <!-- Default suite -->
</testng-results>
