<?xml version="1.0" encoding="UTF-8"?>
<testng-results skipped="0" failed="0" ignored="6" total="8" passed="2">
  <reporter-output>
  </reporter-output>
  <suite name="Online5 Project Automation - SMOKE TESTS" duration-ms="44633" started-at="2018-08-04T00:40:52Z" finished-at="2018-08-04T00:41:36Z">
    <groups>
    </groups>
    <test name="Project Online 5- SMOKE Tests" duration-ms="44633" started-at="2018-08-04T00:40:52Z" finished-at="2018-08-04T00:41:36Z">
      <class name="com.online5.tests.login.LoginTests">
        <test-method status="PASS" signature="setUpTest()[pri:0, instance:com.online5.tests.login.LoginTests@59ec2012]" name="setUpTest" is-config="true" duration-ms="331" started-at="2018-08-04T00:40:52Z" finished-at="2018-08-04T00:40:52Z">
          <reporter-output>
          </reporter-output>
        </test-method> <!-- setUpTest -->
        <test-method status="PASS" signature="setUp()[pri:0, instance:com.online5.tests.login.LoginTests@59ec2012]" name="setUp" is-config="true" duration-ms="19740" started-at="2018-08-04T00:40:52Z" finished-at="2018-08-04T00:41:12Z">
          <reporter-output>
          </reporter-output>
        </test-method> <!-- setUp -->
        <test-method status="PASS" signature="login()[pri:0, instance:com.online5.tests.login.LoginTests@59ec2012]" name="login" duration-ms="7270" started-at="2018-08-04T00:41:12Z" finished-at="2018-08-04T00:41:19Z">
          <reporter-output>
          </reporter-output>
        </test-method> <!-- login -->
        <test-method status="PASS" signature="tearDown(org.testng.ITestResult)[pri:0, instance:com.online5.tests.login.LoginTests@59ec2012]" name="tearDown" is-config="true" duration-ms="152" started-at="2018-08-04T00:41:19Z" finished-at="2018-08-04T00:41:19Z">
          <params>
            <param index="0">
              <value>
                <![CDATA[[TestResult name=login status=SUCCESS method=LoginTests.login()[pri:0, instance:com.online5.tests.login.LoginTests@59ec2012] output={null}]]]>
              </value>
            </param>
          </params>
          <reporter-output>
          </reporter-output>
        </test-method> <!-- tearDown -->
        <test-method status="PASS" signature="tearDownTest()[pri:0, instance:com.online5.tests.login.LoginTests@59ec2012]" name="tearDownTest" is-config="true" duration-ms="560" started-at="2018-08-04T00:41:36Z" finished-at="2018-08-04T00:41:36Z">
          <reporter-output>
          </reporter-output>
        </test-method> <!-- tearDownTest -->
      </class> <!-- com.online5.tests.login.LoginTests -->
      <class name="com.online5.tests.food.FoodTests">
        <test-method status="PASS" signature="setUp()[pri:0, instance:com.online5.tests.food.FoodTests@4cf777e8]" name="setUp" is-config="true" duration-ms="5324" started-at="2018-08-04T00:41:19Z" finished-at="2018-08-04T00:41:24Z">
          <reporter-output>
          </reporter-output>
        </test-method> <!-- setUp -->
        <test-method status="PASS" signature="zNavigateToFoodPage()[pri:0, instance:com.online5.tests.food.FoodTests@4cf777e8]" name="zNavigateToFoodPage" is-config="true" duration-ms="5069" started-at="2018-08-04T00:41:24Z" finished-at="2018-08-04T00:41:29Z">
          <reporter-output>
          </reporter-output>
        </test-method> <!-- zNavigateToFoodPage -->
        <test-method status="PASS" signature="foodSearchTestPositive()[pri:0, instance:com.online5.tests.food.FoodTests@4cf777e8]" name="foodSearchTestPositive" duration-ms="6063" started-at="2018-08-04T00:41:29Z" finished-at="2018-08-04T00:41:36Z">
          <reporter-output>
          </reporter-output>
        </test-method> <!-- foodSearchTestPositive -->
        <test-method status="PASS" signature="tearDown(org.testng.ITestResult)[pri:0, instance:com.online5.tests.food.FoodTests@4cf777e8]" name="tearDown" is-config="true" duration-ms="92" started-at="2018-08-04T00:41:36Z" finished-at="2018-08-04T00:41:36Z">
          <params>
            <param index="0">
              <value>
                <![CDATA[[TestResult name=foodSearchTestPositive status=SUCCESS method=FoodTests.foodSearchTestPositive()[pri:0, instance:com.online5.tests.food.FoodTests@4cf777e8] output={null}]]]>
              </value>
            </param>
          </params>
          <reporter-output>
          </reporter-output>
        </test-method> <!-- tearDown -->
      </class> <!-- com.online5.tests.food.FoodTests -->
    </test> <!-- Project Online 5- SMOKE Tests -->
  </suite> <!-- Online5 Project Automation - SMOKE TESTS -->
</testng-results>
